[2021-04-13 09:33:39] [ FATAL] [Main:29] Hola mundo
[2021-04-13 09:34:45] [ FATAL] [Main:29] Hola mundo
[2021-04-13 09:35:08] [ INFO ] [Main:32] Hola mundo
[2021-04-13 09:38:44] [ INFO ] [Main:32] Hola mundo
[2021-04-13 09:48:21] [ INFO ] [Main:32] Hola chaval que tal te encuentras desde mi aplicacion
[2021-04-13 09:49:07] [ INFO ] [Main:32] Hola chaval que tal te encuentras desde mi aplicacion
[2021-04-13 09:55:18] [ INFO ] [Main:32] Hola chaval que tal te encuentras desde mi aplicacion
[2021-04-13 10:05:22] [ INFO ] [Main:32] Hola chaval que tal te encuentras desde mi aplicacion
[2021-04-13 10:07:28] [ INFO ] [Main:32] Hola chaval que tal te encuentras desde mi aplicacion
[2021-04-13 10:09:15] [ INFO ] [Main:32] Hola chaval que tal te encuentras desde mi aplicacion
[2021-04-13 11:11:57] [ INFO ] [Main:30] Hola Mundo
[2021-04-13 11:21:59] [ INFO ] [Main:30] Hola Mundo
[2021-04-13 11:22:55] [ INFO ] [Main:30] Hola Mundo
[2021-04-13 11:33:30] [ INFO ] [Main:30]
[2021-04-13 11:50:33] [ INFO ] [Main:30]
[2021-04-13 11:51:08] [ INFO ] [Main:30]
[2021-04-13 11:51:36] [ INFO ] [Main:30] java.util.InputMismatchException
[2021-04-13 11:52:34] [ INFO ] [Main:30] java.util.InputMismatchException
[2021-04-13 12:01:30] [ INFO ] [Main:30] java.util.InputMismatchException
[2021-04-13 12:02:39] [ INFO ] [Main:30] java.util.InputMismatchException
[2021-04-13 12:06:07] [ INFO ] [Main:30] java.util.InputMismatchException
[2021-04-13 12:06:34] [ INFO ] [Main:30] java.util.InputMismatchException: For input string: "88888888888888888888888888888888888888888888888888888888888888888888888888888888888888888888888888888888888888888888888888888888888888888888888888888888888888"
[2021-04-13 12:07:34] [ INFO ] [Main:30] java.util.InputMismatchException
[2021-04-13 12:08:11] [ INFO ] [Main:30] java.util.InputMismatchException: For input string: "10000000000000000000000000000000000000000000000000000000000000000000"
[2021-04-13 12:11:47] [ INFO ] [Main:30] java.util.InputMismatchException
En el puntomain.Main(Main.java:18)
[2021-04-13 12:12:38] [ INFO ] [Main:30]
java.util.InputMismatchException
En el punto: Main.Main(Main.java:18)
[2021-04-13 12:13:15] [ INFO ] [Main:30]
java.util.InputMismatchException: For input string: "1888888888888888888888888888888888888888888888888888888888888888888888888888888888888888888888"
En el punto: Main.Main(Main.java:18)
[2021-04-13 12:31:27] [ INFO ] [Main:30] 
java.util.InputMismatchException
En el punto: Main.main(Main.java:22)
[2021-04-13 13:19:33] [ INFO ] [LombokLog4f:11] Mensaje con lombok y log4j
[2021-04-13 14:47:13] [ INFO ] [LombokLog4f:11] Mensaje con lombok y log4j
[2021-04-13 14:47:13] [ INFO ] [Main:30] 
Mensaje con Log4j
[2021-04-13 14:48:11] [ WARN ] [LombokLog4f:11] Mensaje con lombok y log4j
[2021-04-13 14:48:11] [ INFO ] [Main:30] 
Mensaje con Log4j
[2021-04-13 14:49:38] [ WARN ] [LombokLog4f:11] Mensaje con lombok y log4j
[2021-04-13 14:49:38] [ INFO ] [Main:30] 
Mensaje con Log4j
[2021-04-13 14:50:59] [ WARN ] [LombokLog4f:11] Mensaje con lombok y log4j
[2021-04-13 14:50:59] [ INFO ] [Main:30] 
Mensaje solo con Log4j
[2021-04-13 14:55:47] [ WARN ] [LombokLog4f:11] Mensaje con lombok y log4j
[2021-04-13 14:55:47] [ INFO ] [Main:28] Mensaje solo con Log4j
